<?xml version="1.0" encoding="UTF-8"?>
<testng-results skipped="0" failed="0" total="10" passed="10">
  <reporter-output>
  </reporter-output>
  <suite name="Automation Testing" duration-ms="149" started-at="2016-07-23T01:06:06Z" finished-at="2016-07-23T01:06:06Z">
    <groups>
    </groups>
    <test name="Smoke Testing" duration-ms="149" started-at="2016-07-23T01:06:06Z" finished-at="2016-07-23T01:06:06Z">
      <class name="learningTestNG.SuiteAnnot">
        <test-method status="PASS" signature="beforesuite()[pri:0, instance:learningTestNG.SuiteAnnot@548b7f67]" name="beforesuite" is-config="true" duration-ms="19" started-at="2016-07-22T20:06:06Z" finished-at="2016-07-22T20:06:06Z">
          <reporter-output>
          </reporter-output>
        </test-method> <!-- beforesuite -->
      </class> <!-- learningTestNG.SuiteAnnot -->
      <class name="learningTestNG.Annotations">
        <test-method status="PASS" signature="yes()[pri:0, instance:learningTestNG.Annotations@6d78f375]" name="yes" is-config="true" duration-ms="0" started-at="2016-07-22T20:06:06Z" finished-at="2016-07-22T20:06:06Z">
          <reporter-output>
          </reporter-output>
        </test-method> <!-- yes -->
        <test-method status="PASS" signature="Gotoexpedia()[pri:0, instance:learningTestNG.Annotations@6d78f375]" name="Gotoexpedia" duration-ms="4" started-at="2016-07-22T20:06:06Z" finished-at="2016-07-22T20:06:06Z">
          <reporter-output>
          </reporter-output>
        </test-method> <!-- Gotoexpedia -->
        <test-method status="PASS" signature="checkflights()[pri:0, instance:learningTestNG.Annotations@6d78f375]" name="checkflights" duration-ms="3" started-at="2016-07-22T20:06:06Z" finished-at="2016-07-22T20:06:06Z">
          <reporter-output>
          </reporter-output>
        </test-method> <!-- checkflights -->
        <test-method status="PASS" signature="yes()[pri:0, instance:learningTestNG.Annotations@6d78f375]" name="yes" is-config="true" duration-ms="0" started-at="2016-07-22T20:06:06Z" finished-at="2016-07-22T20:06:06Z">
          <reporter-output>
          </reporter-output>
        </test-method> <!-- yes -->
        <test-method status="PASS" signature="yes()[pri:0, instance:learningTestNG.Annotations@6d78f375]" name="yes" is-config="true" duration-ms="1" started-at="2016-07-22T20:06:06Z" finished-at="2016-07-22T20:06:06Z">
          <reporter-output>
          </reporter-output>
        </test-method> <!-- yes -->
        <test-method status="PASS" signature="flightbooking()[pri:0, instance:learningTestNG.Annotations@6d78f375]" name="flightbooking" duration-ms="1" started-at="2016-07-22T20:06:06Z" finished-at="2016-07-22T20:06:06Z">
          <reporter-output>
          </reporter-output>
        </test-method> <!-- flightbooking -->
      </class> <!-- learningTestNG.Annotations -->
      <class name="learningTestNG.Dependencyannotations">
        <test-method status="PASS" signature="test1()[pri:0, instance:learningTestNG.Dependencyannotations@50c87b21]" name="test1" duration-ms="3" started-at="2016-07-22T20:06:06Z" finished-at="2016-07-22T20:06:06Z">
          <reporter-output>
          </reporter-output>
        </test-method> <!-- test1 -->
        <test-method status="PASS" signature="time()[pri:0, instance:learningTestNG.Dependencyannotations@50c87b21]" name="time" duration-ms="14" started-at="2016-07-22T20:06:06Z" finished-at="2016-07-22T20:06:06Z">
          <reporter-output>
          </reporter-output>
        </test-method> <!-- time -->
        <test-method status="PASS" signature="test2()[pri:0, instance:learningTestNG.Dependencyannotations@50c87b21]" name="test2" duration-ms="4" started-at="2016-07-22T20:06:06Z" depends-on-methods="learningTestNG.Dependencyannotations.test1" finished-at="2016-07-22T20:06:06Z">
          <reporter-output>
          </reporter-output>
        </test-method> <!-- test2 -->
      </class> <!-- learningTestNG.Dependencyannotations -->
      <class name="learningTestNG.Annot">
        <test-method status="PASS" signature="beforetest()[pri:0, instance:learningTestNG.Annot@7ac7a4e4]" name="beforetest" is-config="true" duration-ms="0" started-at="2016-07-22T20:06:06Z" finished-at="2016-07-22T20:06:06Z">
          <reporter-output>
          </reporter-output>
        </test-method> <!-- beforetest -->
        <test-method status="PASS" signature="openbrowser()[pri:0, instance:learningTestNG.Annotations@6d78f375]" name="openbrowser" is-config="true" duration-ms="1" started-at="2016-07-22T20:06:06Z" finished-at="2016-07-22T20:06:06Z">
          <reporter-output>
          </reporter-output>
        </test-method> <!-- openbrowser -->
        <test-method status="PASS" signature="beforemethod()[pri:0, instance:learningTestNG.Annot@7ac7a4e4]" name="beforemethod" is-config="true" duration-ms="2" started-at="2016-07-22T20:06:06Z" finished-at="2016-07-22T20:06:06Z">
          <reporter-output>
          </reporter-output>
        </test-method> <!-- beforemethod -->
        <test-method status="PASS" signature="test1()[pri:0, instance:learningTestNG.Annot@7ac7a4e4]" name="test1" duration-ms="12" started-at="2016-07-22T20:06:06Z" finished-at="2016-07-22T20:06:06Z">
          <reporter-output>
          </reporter-output>
        </test-method> <!-- test1 -->
        <test-method status="PASS" signature="aftermethod()[pri:0, instance:learningTestNG.Annot@7ac7a4e4]" name="aftermethod" is-config="true" duration-ms="1" started-at="2016-07-22T20:06:06Z" finished-at="2016-07-22T20:06:06Z">
          <reporter-output>
          </reporter-output>
        </test-method> <!-- aftermethod -->
        <test-method status="PASS" signature="beforemethod()[pri:0, instance:learningTestNG.Annot@7ac7a4e4]" name="beforemethod" is-config="true" duration-ms="0" started-at="2016-07-22T20:06:06Z" finished-at="2016-07-22T20:06:06Z">
          <reporter-output>
          </reporter-output>
        </test-method> <!-- beforemethod -->
        <test-method status="PASS" signature="test2()[pri:0, instance:learningTestNG.Annot@7ac7a4e4]" name="test2" duration-ms="5" started-at="2016-07-22T20:06:06Z" finished-at="2016-07-22T20:06:06Z">
          <reporter-output>
          </reporter-output>
        </test-method> <!-- test2 -->
        <test-method status="PASS" signature="aftermethod()[pri:0, instance:learningTestNG.Annot@7ac7a4e4]" name="aftermethod" is-config="true" duration-ms="0" started-at="2016-07-22T20:06:06Z" finished-at="2016-07-22T20:06:06Z">
          <reporter-output>
          </reporter-output>
        </test-method> <!-- aftermethod -->
        <test-method status="PASS" signature="test3()[pri:0, instance:learningTestNG.Annot@7ac7a4e4]" name="test3" duration-ms="2" started-at="2016-07-22T20:06:06Z" finished-at="2016-07-22T20:06:06Z">
          <reporter-output>
          </reporter-output>
        </test-method> <!-- test3 -->
        <test-method status="PASS" signature="beforemethod()[pri:0, instance:learningTestNG.Annot@7ac7a4e4]" name="beforemethod" is-config="true" duration-ms="0" started-at="2016-07-22T20:06:06Z" finished-at="2016-07-22T20:06:06Z">
          <reporter-output>
          </reporter-output>
        </test-method> <!-- beforemethod -->
        <test-method status="PASS" signature="aftermethod()[pri:0, instance:learningTestNG.Annot@7ac7a4e4]" name="aftermethod" is-config="true" duration-ms="0" started-at="2016-07-22T20:06:06Z" finished-at="2016-07-22T20:06:06Z">
          <reporter-output>
          </reporter-output>
        </test-method> <!-- aftermethod -->
        <test-method status="PASS" signature="beforemethod()[pri:0, instance:learningTestNG.Annot@7ac7a4e4]" name="beforemethod" is-config="true" duration-ms="1" started-at="2016-07-22T20:06:06Z" finished-at="2016-07-22T20:06:06Z">
          <reporter-output>
          </reporter-output>
        </test-method> <!-- beforemethod -->
        <test-method status="PASS" signature="test4()[pri:0, instance:learningTestNG.Annot@7ac7a4e4]" name="test4" duration-ms="3" started-at="2016-07-22T20:06:06Z" finished-at="2016-07-22T20:06:06Z">
          <reporter-output>
          </reporter-output>
        </test-method> <!-- test4 -->
        <test-method status="PASS" signature="aftermethod()[pri:0, instance:learningTestNG.Annot@7ac7a4e4]" name="aftermethod" is-config="true" duration-ms="1" started-at="2016-07-22T20:06:06Z" finished-at="2016-07-22T20:06:06Z">
          <reporter-output>
          </reporter-output>
        </test-method> <!-- aftermethod -->
        <test-method status="PASS" signature="aftertest()[pri:0, instance:learningTestNG.Annot@7ac7a4e4]" name="aftertest" is-config="true" duration-ms="1" started-at="2016-07-22T20:06:06Z" finished-at="2016-07-22T20:06:06Z">
          <reporter-output>
          </reporter-output>
        </test-method> <!-- aftertest -->
      </class> <!-- learningTestNG.Annot -->
    </test> <!-- Smoke Testing -->
  </suite> <!-- Automation Testing -->
</testng-results>
