<?xml version="1.0" encoding="UTF-8"?>
<!-- Generated by org.testng.reporters.JUnitXMLReporter -->
<testsuite hostname="DESKTOP-4TSR5HP" name="Default test" tests="3" failures="0" timestamp="23 Jul 2016 00:53:52 GMT" time="0.093" errors="0">
  <testcase name="test1" time="0.025" classname="learningTestNG.Dependencyannotations"/>
  <testcase name="time" time="0.018" classname="learningTestNG.Dependencyannotations"/>
  <testcase name="test2" time="0.002" classname="learningTestNG.Dependencyannotations"/>
</testsuite> <!-- Default test -->
