<?xml version="1.0" encoding="UTF-8"?>
<!-- Generated by org.testng.reporters.JUnitXMLReporter -->
<testsuite hostname="DESKTOP-4TSR5HP" name="Smoke Testing" tests="10" failures="0" timestamp="23 Jul 2016 01:06:06 GMT" time="0.149" errors="0">
  <testcase name="test1" time="0.012" classname="learningTestNG.Annot"/>
  <testcase name="test2" time="0.005" classname="learningTestNG.Annot"/>
  <testcase name="test3" time="0.002" classname="learningTestNG.Annot"/>
  <testcase name="test4" time="0.003" classname="learningTestNG.Annot"/>
  <testcase name="Gotoexpedia" time="0.004" classname="learningTestNG.Annotations"/>
  <testcase name="checkflights" time="0.003" classname="learningTestNG.Annotations"/>
  <testcase name="flightbooking" time="0.001" classname="learningTestNG.Annotations"/>
  <testcase name="test1" time="0.003" classname="learningTestNG.Dependencyannotations"/>
  <testcase name="time" time="0.014" classname="learningTestNG.Dependencyannotations"/>
  <testcase name="test2" time="0.004" classname="learningTestNG.Dependencyannotations"/>
</testsuite> <!-- Smoke Testing -->
